<?xml version="1.0" encoding="UTF-8"?>
<!-- Generated by org.testng.reporters.JUnitXMLReporter -->
<testsuite ignored="0" hostname="Tallinn" failures="0" tests="3" name="Default test" time="12.543" errors="0" timestamp="2024-07-19T15:56:23 IST">
  <testcase classname="test_Cases.Load_Time_checker" name="testPageLoadTime" time="2.049"/>
  <testcase classname="test_Cases.Load_Time_checker" name="testPageLoadTime" time="2.26"/>
  <testcase classname="test_Cases.Load_Time_checker" name="testPageLoadTime" time="1.787"/>
</testsuite> <!-- Default test -->
